{"/Users/nathanaelburt/react_rails_template/app/javascript/setupTests.js": {"path":"/Users/nathanaelburt/react_rails_template/app/javascript/setupTests.js","statementMap":{"0":{"start":{"line":3,"column":15},"end":{"line":3,"column":32}},"1":{"start":{"line":4,"column":16},"end":{"line":4,"column":50}},"2":{"start":{"line":5,"column":21},"end":{"line":5,"column":46}},"3":{"start":{"line":6,"column":15},"end":{"line":6,"column":32}},"4":{"start":{"line":13,"column":0},"end":{"line":13,"column":45}}},"fnMap":{},"branchMap":{},"s":{"0":2,"1":2,"2":2,"3":2,"4":2},"f":{},"b":{},"_coverageSchema":"332fd63041d2c1bcb487cc26dd0d5f7d97098a6c","hash":"bba5d939d00d8c0e510e290b0c3e83a0ea9d3945"}
,"/Users/nathanaelburt/react_rails_template/app/javascript/bundles/app/components/main.js": {"path":"/Users/nathanaelburt/react_rails_template/app/javascript/bundles/app/components/main.js","statementMap":{"0":{"start":{"line":11,"column":4},"end":{"line":11,"column":34}}},"fnMap":{"0":{"name":"(anonymous_0)","decl":{"start":{"line":10,"column":2},"end":{"line":10,"column":3}},"loc":{"start":{"line":10,"column":11},"end":{"line":12,"column":3}},"line":10}},"branchMap":{},"s":{"0":1},"f":{"0":1},"b":{},"_coverageSchema":"332fd63041d2c1bcb487cc26dd0d5f7d97098a6c","hash":"1520770e34ff6b3857c8707f64811562051d27a1"}
,"/Users/nathanaelburt/react_rails_template/app/javascript/bundles/app/components/navigation.js": {"path":"/Users/nathanaelburt/react_rails_template/app/javascript/bundles/app/components/navigation.js","statementMap":{"0":{"start":{"line":12,"column":4},"end":{"line":12,"column":36}}},"fnMap":{"0":{"name":"(anonymous_0)","decl":{"start":{"line":11,"column":2},"end":{"line":11,"column":3}},"loc":{"start":{"line":11,"column":11},"end":{"line":13,"column":3}},"line":11}},"branchMap":{},"s":{"0":1},"f":{"0":1},"b":{},"_coverageSchema":"332fd63041d2c1bcb487cc26dd0d5f7d97098a6c","hash":"9aca4f29862b633b6ee10db74256c771295992bd"}
}
